<?xml version="1.0" encoding="UTF-8"?>
<!-- Generated by org.testng.reporters.JUnitReportReporter -->
<testsuite skipped="0" hostname="DESKTOP-C2KOF2B" name="test.Techfios_Test" tests="1" failures="0" timestamp="2020-09-17T15:10:49 CDT" time="15.935" errors="0">
  <testcase name="UserWillBeAbleToOpenTheBrowser" time="15.935" classname="test.Techfios_Test"/>
</testsuite> <!-- test.Techfios_Test -->
