<?xml version="1.0" encoding="UTF-8"?>
<!-- Generated by org.testng.reporters.JUnitReportReporter -->
<testsuite skipped="0" hostname="DESKTOP-C2KOF2B" name="test.Automation_Testing" tests="1" failures="0" timestamp="2020-09-07T11:59:09 CDT" time="5.270" errors="0">
  <testcase name="UserWillAbleToOpenTheBrowser" time="5.270" classname="test.Automation_Testing"/>
</testsuite> <!-- test.Automation_Testing -->
