<?xml version="1.0" encoding="UTF-8"?>
<!-- Generated by org.testng.reporters.JUnitReportReporter -->
<testsuite skipped="0" hostname="DESKTOP-C2KOF2B" name="test.Contact_Page" tests="1" failures="0" timestamp="2020-10-09T13:12:37 CDT" time="15.152" errors="0">
  <testcase name="UserWillAbleToOpenTheBrowser" time="15.152" classname="test.Contact_Page"/>
</testsuite> <!-- test.Contact_Page -->
