<?xml version="1.0" encoding="UTF-8"?>
<!-- Generated by org.testng.reporters.JUnitReportReporter -->
<testsuite skipped="0" hostname="DESKTOP-C2KOF2B" name="test.Automation_Testing" tests="1" failures="0" timestamp="2020-09-15T13:07:59 CDT" time="8.581" errors="0">
  <testcase name="UserWillAbleToOpenTheBrowser" time="8.581" classname="test.Automation_Testing"/>
</testsuite> <!-- test.Automation_Testing -->
