<?xml version="1.0" encoding="UTF-8"?>
<!-- Generated by org.testng.reporters.JUnitReportReporter -->
<testsuite skipped="0" hostname="DESKTOP-C2KOF2B" name="test.Twitter_Test" tests="2" failures="0" timestamp="2020-11-04T12:07:29 CST" time="29.636" errors="0">
  <testcase name="UserWillBeAbleToLoginTheTwitter" time="11.972" classname="test.Twitter_Test"/>
  <testcase name="UserWillAbleToPerformAllTheFunctionInTwitterPage" time="17.664" classname="test.Twitter_Test"/>
</testsuite> <!-- test.Twitter_Test -->
