<?xml version="1.0" encoding="UTF-8"?>
<!-- Generated by org.testng.reporters.JUnitReportReporter -->
<testsuite skipped="0" hostname="DESKTOP-C2KOF2B" name="test.RetalProject_Test" tests="1" failures="0" timestamp="2020-09-07T14:55:17 CDT" time="15.973" errors="0">
  <testcase name="UserWillAbleToOpenTheBrowser" time="15.973" classname="test.RetalProject_Test"/>
</testsuite> <!-- test.RetalProject_Test -->
