<?xml version="1.0" encoding="UTF-8"?>
<!-- Generated by org.testng.reporters.JUnitReportReporter -->
<testsuite skipped="0" hostname="DESKTOP-C2KOF2B" name="test.Amwell_Testing" tests="1" failures="0" timestamp="2020-09-24T14:05:59 CDT" time="15.529" errors="0">
  <testcase name="UserWillAbleToFullyOperateSite" time="15.529" classname="test.Amwell_Testing"/>
</testsuite> <!-- test.Amwell_Testing -->
