<?xml version="1.0" encoding="UTF-8"?>
<!-- Generated by org.testng.reporters.JUnitReportReporter -->
<testsuite skipped="0" hostname="DESKTOP-C2KOF2B" name="test.Session_4" tests="1" failures="0" timestamp="2020-11-04T10:16:31 CST" time="11.297" errors="0">
  <testcase name="UserWillAbleTOHandleAlertandPopup" time="11.297" classname="test.Session_4"/>
</testsuite> <!-- test.Session_4 -->
