<?xml version="1.0" encoding="UTF-8"?>
<!-- Generated by org.testng.reporters.JUnitReportReporter -->
<testsuite skipped="0" hostname="DESKTOP-C2KOF2B" name="test.Twitter_Test" tests="2" failures="0" timestamp="2020-10-09T12:38:22 CDT" time="23.247" errors="0">
  <testcase name="UserWillBeToAbleToLoginAccount" time="12.193" classname="test.Twitter_Test"/>
  <testcase name="UserWillAbleToSearchFriendInTwitter" time="11.054" classname="test.Twitter_Test"/>
</testsuite> <!-- test.Twitter_Test -->
