<?xml version="1.0" encoding="UTF-8"?>
<!-- Generated by org.testng.reporters.JUnitReportReporter -->
<testsuite skipped="0" hostname="DESKTOP-C2KOF2B" name="test.Selenium_Practice" tests="1" failures="0" timestamp="2020-09-10T11:09:22 CDT" time="7.499" errors="0">
  <testcase name="UserWillBeAbleToOpenBrowser" time="7.499" classname="test.Selenium_Practice"/>
</testsuite> <!-- test.Selenium_Practice -->
